[29-Mar-2025 19:42:46 UTC] PHP Warning:  Undefined array key "host" in /workspaces/UX221Assignment4/.wordpress/wp-includes/pluggable.php on line 1625
[29-Mar-2025 19:59:11 UTC] PHP Warning:  Undefined variable $parent_theme_name in /workspaces/UX221Assignment4/.wordpress/wp-content/mu-plugins/one-click-child-theme/templates/create_child_form.php on line 18
[29-Mar-2025 20:00:51 UTC] PHP Warning:  Undefined property: WP_Ajax_Upgrader_Skin::$api in /workspaces/UX221Assignment4/.wordpress/wp-admin/includes/class-theme-upgrader.php on line 160
[29-Mar-2025 21:48:54 UTC] PHP Warning:  Undefined variable $parent_theme_name in /workspaces/UX221Assignment4/.wordpress/wp-content/mu-plugins/one-click-child-theme/templates/create_child_form.php on line 18
[29-Mar-2025 21:49:07 UTC] PHP Warning:  Undefined variable $parent_theme_name in /workspaces/UX221Assignment4/.wordpress/wp-content/mu-plugins/one-click-child-theme/templates/create_child_form.php on line 18
[01-Apr-2025 19:44:50 UTC] PHP Fatal error:  Out of memory (allocated 41943040) (tried to allocate 77824 bytes) in /workspaces/UX221Assignment4/.wordpress/wp-includes/class-wp-scripts.php on line 524
[01-Apr-2025 19:44:52 UTC] PHP Fatal error:  Out of memory (allocated 37748736) (tried to allocate 2097152 bytes) in /workspaces/UX221Assignment4/.wordpress/wp-content/plugins/ecommerce-product-catalog/includes/activation-config.php on line 412
[01-Apr-2025 19:44:52 UTC] PHP Fatal error:  Uncaught Error: Call to undefined function get_integration_type() in /workspaces/UX221Assignment4/.wordpress/wp-content/plugins/ecommerce-product-catalog/includes/tracking.php:126
Stack trace:
#0 /workspaces/UX221Assignment4/.wordpress/wp-content/plugins/ecommerce-product-catalog/includes/tracking.php(99): IC_EPC_Tracking->get_integration_type()
#1 /workspaces/UX221Assignment4/.wordpress/wp-content/plugins/ecommerce-product-catalog/includes/tracking.php(551): IC_EPC_Tracking->setup_data()
#2 /workspaces/UX221Assignment4/.wordpress/wp-content/plugins/ecommerce-product-catalog/includes/tracking.php(481): IC_EPC_Tracking->send_paused_checkin(Array, true)
#3 [internal function]: IC_EPC_Tracking->fatal()
#4 {main}
  thrown in /workspaces/UX221Assignment4/.wordpress/wp-content/plugins/ecommerce-product-catalog/includes/tracking.php on line 126
[01-Apr-2025 19:44:52 UTC] PHP Fatal error:  Out of memory (allocated 33554432) (tried to allocate 2097152 bytes) in /workspaces/UX221Assignment4/.wordpress/wp-content/plugins/ecommerce-product-catalog/includes/activation-config.php on line 123
[01-Apr-2025 19:44:52 UTC] PHP Fatal error:  Uncaught Error: Call to undefined function get_integration_type() in /workspaces/UX221Assignment4/.wordpress/wp-content/plugins/ecommerce-product-catalog/includes/tracking.php:126
Stack trace:
#0 /workspaces/UX221Assignment4/.wordpress/wp-content/plugins/ecommerce-product-catalog/includes/tracking.php(99): IC_EPC_Tracking->get_integration_type()
#1 /workspaces/UX221Assignment4/.wordpress/wp-content/plugins/ecommerce-product-catalog/includes/tracking.php(551): IC_EPC_Tracking->setup_data()
#2 /workspaces/UX221Assignment4/.wordpress/wp-content/plugins/ecommerce-product-catalog/includes/tracking.php(481): IC_EPC_Tracking->send_paused_checkin(Array, true)
#3 [internal function]: IC_EPC_Tracking->fatal()
#4 {main}
  thrown in /workspaces/UX221Assignment4/.wordpress/wp-content/plugins/ecommerce-product-catalog/includes/tracking.php on line 126
[01-Apr-2025 19:44:52 UTC] PHP Fatal error:  Out of memory (allocated 31457280) (tried to allocate 2097152 bytes) in /workspaces/UX221Assignment4/.wordpress/wp-content/plugins/ecommerce-product-catalog/includes/activation-config.php on line 410
[01-Apr-2025 19:44:52 UTC] PHP Fatal error:  Uncaught Error: Call to undefined function get_integration_type() in /workspaces/UX221Assignment4/.wordpress/wp-content/plugins/ecommerce-product-catalog/includes/tracking.php:126
Stack trace:
#0 /workspaces/UX221Assignment4/.wordpress/wp-content/plugins/ecommerce-product-catalog/includes/tracking.php(99): IC_EPC_Tracking->get_integration_type()
#1 /workspaces/UX221Assignment4/.wordpress/wp-content/plugins/ecommerce-product-catalog/includes/tracking.php(551): IC_EPC_Tracking->setup_data()
#2 /workspaces/UX221Assignment4/.wordpress/wp-content/plugins/ecommerce-product-catalog/includes/tracking.php(481): IC_EPC_Tracking->send_paused_checkin(Array, true)
#3 [internal function]: IC_EPC_Tracking->fatal()
#4 {main}
  thrown in /workspaces/UX221Assignment4/.wordpress/wp-content/plugins/ecommerce-product-catalog/includes/tracking.php on line 126
[01-Apr-2025 19:45:02 UTC] PHP Fatal error:  Out of memory (allocated 31457280) (tried to allocate 2097152 bytes) in /workspaces/UX221Assignment4/.wordpress/wp-content/plugins/ecommerce-product-catalog/includes/activation-config.php on line 194
[01-Apr-2025 19:45:02 UTC] PHP Fatal error:  Uncaught Error: Call to undefined function get_integration_type() in /workspaces/UX221Assignment4/.wordpress/wp-content/plugins/ecommerce-product-catalog/includes/tracking.php:126
Stack trace:
#0 /workspaces/UX221Assignment4/.wordpress/wp-content/plugins/ecommerce-product-catalog/includes/tracking.php(99): IC_EPC_Tracking->get_integration_type()
#1 /workspaces/UX221Assignment4/.wordpress/wp-content/plugins/ecommerce-product-catalog/includes/tracking.php(551): IC_EPC_Tracking->setup_data()
#2 /workspaces/UX221Assignment4/.wordpress/wp-content/plugins/ecommerce-product-catalog/includes/tracking.php(481): IC_EPC_Tracking->send_paused_checkin(Array, true)
#3 [internal function]: IC_EPC_Tracking->fatal()
#4 {main}
  thrown in /workspaces/UX221Assignment4/.wordpress/wp-content/plugins/ecommerce-product-catalog/includes/tracking.php on line 126
